2024-08-29 10:04:31,957:INFO:employee.py:Created Employee: Perpectual Ngendo - PerpectualNgendo@dans.com:__main__
2024-08-29 10:04:31,958:INFO:employee.py:Hello I am Perpectual Ngendo  a x member:__main__
2024-08-29 10:05:32,880:INFO:__main__:Created Employee: Perpectual Ngendo - PerpectualNgendo@dans.com
2024-08-29 10:05:32,881:INFO:__main__:Hello I am Perpectual Ngendo  a x member
2024-08-29 10:06:40,742:INFO:__main__:employee.py:Created Employee: Perpectual Ngendo - PerpectualNgendo@dans.com
2024-08-29 10:06:40,742:INFO:__main__:employee.py:Hello I am Perpectual Ngendo  a x member
2024-08-29 10:08:06,562:INFO:employee:employee.py:Created Employee: Perpectual Ngendo - PerpectualNgendo@dans.com
2024-08-29 10:08:06,562:INFO:employee:employee.py:Hello I am Perpectual Ngendo  a x member
2024-08-29 10:11:41,099:INFO:employee:employee.py:Created Employee: Perpectual Ngendo - PerpectualNgendo@dans.com
2024-08-29 10:11:41,099:INFO:employee:employee.py:Hello I am Perpectual Ngendo  a x member
2024-08-29 10:15:11,918:INFO:employee:employee.py:Created Employee: Perpectual Ngendo - PerpectualNgendo@dans.com
2024-08-29 10:15:11,918:INFO:employee:employee.py:Hello I am Perpectual Ngendo  a x member
2024-08-29 10:16:26,275:INFO:employee:employee.py:Created Employee: Perpectual Ngendo - PerpectualNgendo@dans.com
2024-08-29 10:16:26,275:INFO:employee:employee.py:Hello I am Perpectual Ngendo  a x member
2024-08-29 10:16:59,100:INFO:employee:employee.py:Created Employee: Perpectual Ngendo - PerpectualNgendo@dans.com
2024-08-29 10:16:59,100:INFO:employee:employee.py:Hello I am Perpectual Ngendo  a x member
2024-08-29 10:20:20,611:INFO:employee:employee.py:Created Employee: Perpectual Ngendo - PerpectualNgendo@dans.com
2024-08-29 10:20:20,612:INFO:employee:employee.py:Hello I am Perpectual Ngendo  a x member
2024-08-29 10:22:06,008:INFO:employee:employee.py:Created Employee: Perpectual Ngendo - PerpectualNgendo@dans.com
2024-08-29 10:22:06,008:INFO:employee:employee.py:Hello I am Perpectual Ngendo  a x member
